2025-04-13 02:23:49,628 - project_risk_manager - INFO - Project Risk Management System started.
2025-04-13 02:23:49,633 - project_risk_manager - INFO - Starting risk analysis process...
2025-04-13 02:23:53,251 - project_risk_manager - ERROR - Error occurred during project risk management process: 'charmap' codec can't encode character '\U0001f4c8' in position 146: character maps to <undefined>
2025-04-13 02:23:53,259 - project_risk_manager - INFO - Project Risk Management System finished.
2025-04-13 02:29:21,227 - project_risk_manager - INFO - Project Risk Management System started.
2025-04-13 02:29:21,227 - project_risk_manager - INFO - Starting risk analysis process...
2025-04-13 02:29:25,416 - project_risk_manager - ERROR - Error occurred during project risk management process: 'charmap' codec can't encode character '\U0001f4c8' in position 146: character maps to <undefined>
2025-04-13 02:29:25,416 - project_risk_manager - INFO - Project Risk Management System finished.
2025-04-13 02:33:22,991 - project_risk_manager - INFO - Project Risk Management System started.
2025-04-13 02:33:22,993 - project_risk_manager - INFO - Starting risk analysis process...
2025-04-13 02:33:26,614 - project_risk_manager - ERROR - Error occurred during project risk management process: 'charmap' codec can't encode character '\U0001f4c8' in position 146: character maps to <undefined>
2025-04-13 02:33:26,614 - project_risk_manager - INFO - Project Risk Management System finished.
2025-04-13 02:38:20,783 - root - ERROR - 🚨 Error occurred during project risk management process!
2025-04-13 02:40:10,865 - root - ERROR - 🚨 Error occurred during project risk management process!
2025-04-13 02:41:15,049 - root - ERROR - 🚨 Error occurred during project risk management process!
2025-04-13 02:42:12,956 - root - ERROR - 🚨 Error occurred during project risk management process!
2025-04-13 02:42:40,542 - project_risk_manager - INFO - Project Risk Management System started.
2025-04-13 02:42:40,542 - project_risk_manager - INFO - Starting risk analysis process...
2025-04-13 02:42:44,213 - project_risk_manager - ERROR - Error occurred during project risk management process: 'charmap' codec can't encode character '\U0001f4c8' in position 146: character maps to <undefined>
2025-04-13 02:42:44,213 - project_risk_manager - INFO - Project Risk Management System finished.
2025-04-13 02:45:10,751 - project_risk_manager - INFO - Project Risk Management System started.
2025-04-13 02:45:10,754 - project_risk_manager - INFO - Starting risk analysis process...
2025-04-13 02:45:14,313 - project_risk_manager - ERROR - Error occurred during project risk management process: 'charmap' codec can't encode character '\U0001f4c8' in position 146: character maps to <undefined>
2025-04-13 02:45:14,313 - project_risk_manager - INFO - Project Risk Management System finished.
2025-04-13 05:39:56,632 - project_risk_manager - INFO - Project Risk Management System started.
2025-04-13 05:39:56,648 - project_risk_manager - INFO - Starting risk analysis process...
2025-04-13 05:40:00,396 - project_risk_manager - ERROR - Error occurred during project risk management process: 'charmap' codec can't encode character '\U0001f4c8' in position 146: character maps to <undefined>
2025-04-13 05:40:00,412 - project_risk_manager - INFO - Project Risk Management System finished.
2025-04-13 06:31:36,258 - project_risk_manager - INFO - Project Risk Management System started.
2025-04-13 06:31:36,259 - project_risk_manager - INFO - Starting risk analysis process...
2025-04-13 06:31:39,993 - project_risk_manager - ERROR - Error occurred during project risk management process: 'charmap' codec can't encode character '\U0001f4c8' in position 146: character maps to <undefined>
2025-04-13 06:31:39,993 - project_risk_manager - INFO - Project Risk Management System finished.
